MPASM  5.33                      KESIK_~1.ASM   3-4-2022  15:20:56         PAGE  1


LOC  OBJECT CODE     LINE SOURCE TEXT
  VALUE

                      00001 
                      00002 ; PICBASIC PRO(TM) Compiler 2.60, (c) 1998, 2009 microEngineering Labs, Inc. All Rights Reserved. 
  00000001            00003 _USED                   EQU     1
                      00004 
                      00005         INCLUDE "C:\PBP\16F628.INC"
                      00001 ;****************************************************************
                      00002 ;*  16F628.INC                                                  *
                      00003 ;*                                                              *
                      00004 ;*  By        : Leonard Zerman, Jeff Schmoyer                   *
                      00005 ;*  Notice    : Copyright (c) 2002 microEngineering Labs, Inc.  *
                      00006 ;*              All Rights Reserved                             *
                      00007 ;*  Date      : 09/27/02                                        *
                      00008 ;*  Version   : 2.43                                            *
                      00009 ;*  Notes     :                                                 *
                      00010 ;****************************************************************
                      00019         LIST
                      00020         LIST p = 16F628, r = dec, w = -302
                      00021         INCLUDE "P16F628.INC"   ; MPASM  Header
                      00001         LIST
                      00002 ; P16F628.INC  Standard Header File, Version 1.01    Microchip Technology, Inc.
                      00261         LIST
2007   3F65           00022         __config _XT_OSC & _WDT_ON & _PWRTE_ON & _MCLRE_ON & _LVP_OFF & _CP_OFF
                      00025         LIST
                      00006 
  00000020            00007 RAM_START                       EQU     00020h
  0000014F            00008 RAM_END                         EQU     0014Fh
  00000003            00009 RAM_BANKS                       EQU     00003h
  00000020            00010 BANK0_START                     EQU     00020h
  0000007F            00011 BANK0_END                       EQU     0007Fh
  000000A0            00012 BANK1_START                     EQU     000A0h
  000000EF            00013 BANK1_END                       EQU     000EFh
  00000120            00014 BANK2_START                     EQU     00120h
  0000014F            00015 BANK2_END                       EQU     0014Fh
  00002100            00016 EEPROM_START                    EQU     02100h
  0000217F            00017 EEPROM_END                      EQU     0217Fh
                      00018 
  00000020            00019 R0                              EQU     RAM_START + 000h
  00000022            00020 R1                              EQU     RAM_START + 002h
  00000024            00021 R2                              EQU     RAM_START + 004h
  00000026            00022 R3                              EQU     RAM_START + 006h
  00000028            00023 R4                              EQU     RAM_START + 008h
  0000002A            00024 R5                              EQU     RAM_START + 00Ah
  0000002C            00025 R6                              EQU     RAM_START + 00Ch
  0000002E            00026 R7                              EQU     RAM_START + 00Eh
  00000030            00027 R8                              EQU     RAM_START + 010h
  00000032            00028 FLAGS                           EQU     RAM_START + 012h
  00000033            00029 GOP                             EQU     RAM_START + 013h
  00000034            00030 RM1                             EQU     RAM_START + 014h
  00000035            00031 RM2                             EQU     RAM_START + 015h
  00000036            00032 RR1                             EQU     RAM_START + 016h
  00000037            00033 RR2                             EQU     RAM_START + 017h
  00000006            00034 _PORTL                          EQU      PORTB
  00000005            00035 _PORTH                          EQU      PORTA
MPASM  5.33                      KESIK_~1.ASM   3-4-2022  15:20:56         PAGE  2


LOC  OBJECT CODE     LINE SOURCE TEXT
  VALUE

  00000086            00036 _TRISL                          EQU      TRISB
  00000085            00037 _TRISH                          EQU      TRISA
                      00038 #define _TRISB??0                TRISB, 000h
                      00039 #define _TRISA??0                TRISA, 000h
                      00040 #define _PORTA??0                PORTA, 000h
                      00041 #define _PORTB??0                PORTB, 000h
                      00042         INCLUDE "KESIK_~1.MAC"
                      00001 
                      00069         LIST
                      00043         INCLUDE "C:\PBP\PBPPIC14.LIB"
                      00001 ;******************************************************************
                      00002 ;*  PBPPIC14.LIB                                                  *
                      00003 ;*                                                                *
                      00004 ;*  By        : Leonard Zerman, Jeff Schmoyer                     *
                      00005 ;*  Notice    : Copyright (c) 2009 microEngineering Labs, Inc.    *
                      00006 ;*              All Rights Reserved                               *
                      00007 ;*  Date      : 07/08/09                                          *
                      00008 ;*  Version   : 2.60                                              *
                      00009 ;*  Notes     :                                                   *
                      00010 ;******************************************************************
                      00054   LIST
                      00055 ; Oscillator is 4MHz
                      01133   LIST
0000                  01134     ORG RESET_ORG               ; Reset vector usually at 0
                      01149   LIST
0000   280D           01150         goto    INIT            ; Finish initialization
                      06040   LIST
                      06041       if (RAM_BANKS > 2)
0001   1783           06042 CLEARH  bsf     STATUS, IRP     ; Point FSR to high banks
                      06043       endif
0002   0180           06044 CLEAR   clrf    INDF            ; Zero location
0003   0A84           06045         incf    FSR, F          ; Point to next location
0004   3EFF           06046         addlw   -1              ; Counter -= 1
0005   1D03           06047         btfss   STATUS, Z
0006   2802           06048         goto    CLEAR           ; Keep going till done
0007   2808           06049         goto    DONE
                      07766   LIST
0008   1383           07767 DONE    bcf     STATUS, IRP     ; 1 Set FSR to bank 0/1
0009   1303           07768         bcf     STATUS, RP1     ; 1 Show direct bank 0
000A   1283           07769         bcf     STATUS, RP0     ; 1
                      07770         CLRWDT?NOP              ; 1 Hit Watchdog timer
                          M     ifndef NO_CLRWDT
000B   0064               M         clrwdt
                          M     else
                          M         nop
                          M     endif
000C   0008           07771 DONERET return                  ; 2 Done
                      07797   LIST
000D                  07798 INIT
                      07836   LIST
000D                  07837 main
                      00044 
                      00045         MOVE?CT 000h, _TRISB??0
MPASM  5.33                      KESIK_~1.ASM   3-4-2022  15:20:56         PAGE  3


LOC  OBJECT CODE     LINE SOURCE TEXT
  VALUE

                          M         CHK?RP  TRISB
                          M     if (((TRISB) & 180h) == 0)
                          M       if (PREV_BANK == 1)
                          M         bcf     STATUS, RP0
                          M       endif
                          M       if (PREV_BANK == 2)
                          M         bcf     STATUS, RP1
                          M       endif
                          M       if (PREV_BANK == 3)
                          M         bcf     STATUS, RP0
                          M         bcf     STATUS, RP1
                          M       endif
                          M PREV_BANK = 0
                          M     endif
                          M 
                          M     if (((TRISB) & 180h) == 80h)
                          M       if (PREV_BANK == 0)
000D   1683               M         bsf     STATUS, RP0
                          M       endif
                          M       if (PREV_BANK == 2)
                          M         bsf     STATUS, RP0
                          M         bcf     STATUS, RP1
                          M       endif
                          M       if (PREV_BANK == 3)
                          M         bcf     STATUS, RP1
                          M       endif
  00000001                M PREV_BANK = 1
                          M     endif
                          M 
                          M     if (((TRISB) & 180h) == 100h)
                          M       if (PREV_BANK == 0)
                          M         bsf     STATUS, RP1
                          M       endif
                          M       if (PREV_BANK == 1)
                          M         bcf     STATUS, RP0
                          M         bsf     STATUS, RP1
                          M       endif
                          M       if (PREV_BANK == 3)
                          M         bcf     STATUS, RP0
                          M       endif
                          M PREV_BANK = 2
                          M     endif
                          M 
                          M     if (((TRISB) & 180h) == 180h)
                          M       if (PREV_BANK == 0)
                          M         bsf     STATUS, RP0
                          M         bsf     STATUS, RP1
                          M       endif
                          M       if (PREV_BANK == 1)
                          M         bsf     STATUS, RP1
                          M       endif
                          M       if (PREV_BANK == 2)
                          M         bsf     STATUS, RP0
MPASM  5.33                      KESIK_~1.ASM   3-4-2022  15:20:56         PAGE  4


LOC  OBJECT CODE     LINE SOURCE TEXT
  VALUE

                          M       endif
                          M PREV_BANK = 3
                          M     endif
                          M     if (((000h) & 1) == 1)
                          M         bsf     TRISB,  000h
                          M     else
000E   1006               M         bcf     TRISB,  000h
                          M     endif
                      00046         MOVE?CT 001h, _TRISA??0
                          M         CHK?RP  TRISA
                          M     if (((TRISA) & 180h) == 0)
                          M       if (PREV_BANK == 1)
                          M         bcf     STATUS, RP0
                          M       endif
                          M       if (PREV_BANK == 2)
                          M         bcf     STATUS, RP1
                          M       endif
                          M       if (PREV_BANK == 3)
                          M         bcf     STATUS, RP0
                          M         bcf     STATUS, RP1
                          M       endif
                          M PREV_BANK = 0
                          M     endif
                          M 
                          M     if (((TRISA) & 180h) == 80h)
                          M       if (PREV_BANK == 0)
                          M         bsf     STATUS, RP0
                          M       endif
                          M       if (PREV_BANK == 2)
                          M         bsf     STATUS, RP0
                          M         bcf     STATUS, RP1
                          M       endif
                          M       if (PREV_BANK == 3)
                          M         bcf     STATUS, RP1
                          M       endif
  00000001                M PREV_BANK = 1
                          M     endif
                          M 
                          M     if (((TRISA) & 180h) == 100h)
                          M       if (PREV_BANK == 0)
                          M         bsf     STATUS, RP1
                          M       endif
                          M       if (PREV_BANK == 1)
                          M         bcf     STATUS, RP0
                          M         bsf     STATUS, RP1
                          M       endif
                          M       if (PREV_BANK == 3)
                          M         bcf     STATUS, RP0
                          M       endif
                          M PREV_BANK = 2
                          M     endif
                          M 
                          M     if (((TRISA) & 180h) == 180h)
MPASM  5.33                      KESIK_~1.ASM   3-4-2022  15:20:56         PAGE  5


LOC  OBJECT CODE     LINE SOURCE TEXT
  VALUE

                          M       if (PREV_BANK == 0)
                          M         bsf     STATUS, RP0
                          M         bsf     STATUS, RP1
                          M       endif
                          M       if (PREV_BANK == 1)
                          M         bsf     STATUS, RP1
                          M       endif
                          M       if (PREV_BANK == 2)
                          M         bsf     STATUS, RP0
                          M       endif
                          M PREV_BANK = 3
                          M     endif
                          M     if (((001h) & 1) == 1)
000F   1405               M         bsf     TRISA,  000h
                          M     else
                          M         bcf     TRISA,  000h
                          M     endif
                      00047         MOVE?CB 007h, CMCON
                          M         CHK?RP  CMCON
                          M     if (((CMCON) & 180h) == 0)
                          M       if (PREV_BANK == 1)
0010   1283               M         bcf     STATUS, RP0
                          M       endif
                          M       if (PREV_BANK == 2)
                          M         bcf     STATUS, RP1
                          M       endif
                          M       if (PREV_BANK == 3)
                          M         bcf     STATUS, RP0
                          M         bcf     STATUS, RP1
                          M       endif
  00000000                M PREV_BANK = 0
                          M     endif
                          M 
                          M     if (((CMCON) & 180h) == 80h)
                          M       if (PREV_BANK == 0)
                          M         bsf     STATUS, RP0
                          M       endif
                          M       if (PREV_BANK == 2)
                          M         bsf     STATUS, RP0
                          M         bcf     STATUS, RP1
                          M       endif
                          M       if (PREV_BANK == 3)
                          M         bcf     STATUS, RP1
                          M       endif
                          M PREV_BANK = 1
                          M     endif
                          M 
                          M     if (((CMCON) & 180h) == 100h)
                          M       if (PREV_BANK == 0)
                          M         bsf     STATUS, RP1
                          M       endif
                          M       if (PREV_BANK == 1)
                          M         bcf     STATUS, RP0
MPASM  5.33                      KESIK_~1.ASM   3-4-2022  15:20:56         PAGE  6


LOC  OBJECT CODE     LINE SOURCE TEXT
  VALUE

                          M         bsf     STATUS, RP1
                          M       endif
                          M       if (PREV_BANK == 3)
                          M         bcf     STATUS, RP0
                          M       endif
                          M PREV_BANK = 2
                          M     endif
                          M 
                          M     if (((CMCON) & 180h) == 180h)
                          M       if (PREV_BANK == 0)
                          M         bsf     STATUS, RP0
                          M         bsf     STATUS, RP1
                          M       endif
                          M       if (PREV_BANK == 1)
                          M         bsf     STATUS, RP1
                          M       endif
                          M       if (PREV_BANK == 2)
                          M         bsf     STATUS, RP0
                          M       endif
                          M PREV_BANK = 3
                          M     endif
                          M     if (low (007h) == 0)
                          M         clrf    CMCON
                          M     else
0011   3007               M         movlw   low (007h)
0012   009F               M         movwf   CMCON
                          M     endif
                      00048         CLEAR?  
                          M     ifdef BANK0_START
0013   3020               M         movlw   BANK0_START
0014   0084               M         movwf   FSR
0015   3060               M         movlw   BANK0_END - BANK0_START + 1
                          M         L?CALL  CLEAR
                          M         RST?RP
                          M     if ((PREV_BANK & 1) != 0)
                          M         bcf     STATUS, RP0
                          M     endif
                          M     if ((PREV_BANK & 2) != 0)
                          M         bcf     STATUS, RP1
                          M     endif
  00000000                M PREV_BANK = 0
                          M 
                          M     ifdef USE_LINKER
                          M       if (CODE_SIZE > 2)
                          M         pagesel CLEAR
                          M       endif
                          M     else
                          M       if ((CLEAR) < 1)
                          M         if (CODE_SIZE > 2)
                          M           if (((CLEAR) & 800h) == 0)
                          M         bcf     PCLATH, 3
                          M         else
                          M         bsf     PCLATH, 3
MPASM  5.33                      KESIK_~1.ASM   3-4-2022  15:20:56         PAGE  7


LOC  OBJECT CODE     LINE SOURCE TEXT
  VALUE

                          M         endif
                          M         endif
                          M         if (CODE_SIZE > 4)
                          M           if (((CLEAR) & 1000h) == 0)
                          M         bcf     PCLATH, 4
                          M           else
                          M         bsf     PCLATH, 4
                          M           endif
                          M         endif
                          M       else
                          M         if ((CLEAR) > $)
                          M           if (CODE_SIZE > 2)
                          M             if (((CLEAR) & 800h) == 0)
                          M         bcf     PCLATH, 3
                          M             else
                          M         bsf     PCLATH, 3
                          M             endif
                          M           endif
                          M           if (CODE_SIZE > 4)
                          M             if (((CLEAR) & 1000h) == 0)
                          M         bcf     PCLATH, 4
                          M             else
                          M         bsf     PCLATH, 4
                          M             endif
                          M           endif
                          M         else
                          M           if (CODE_SIZE > 2)
                          M             if (((CLEAR) & 1800h) == 0)
                          M         clrf    PCLATH
                          M             else
                          M               if (((CLEAR) & 800h) == 0)
                          M         bcf     PCLATH, 3
                          M               else
                          M         bsf     PCLATH, 3
                          M               endif
                          M               if (CODE_SIZE > 4)
                          M                 if (((CLEAR) & 1000h) == 0)
                          M         bcf     PCLATH, 4
                          M                 else
                          M         bsf     PCLATH, 4
                          M                 endif   
                          M               endif
                          M             endif
                          M           endif
                          M         endif
                          M       endif
                          M     endif
                          M 
0016   2002               M         call    CLEAR
                          M     endif
                          M     ifdef BANK1_START
0017   30A0               M         movlw   BANK1_START
0018   0084               M         movwf   FSR
MPASM  5.33                      KESIK_~1.ASM   3-4-2022  15:20:56         PAGE  8


LOC  OBJECT CODE     LINE SOURCE TEXT
  VALUE

0019   3050               M         movlw   BANK1_END - BANK1_START + 1
                          M         L?CALL  CLEAR
                          M         RST?RP
                          M     if ((PREV_BANK & 1) != 0)
                          M         bcf     STATUS, RP0
                          M     endif
                          M     if ((PREV_BANK & 2) != 0)
                          M         bcf     STATUS, RP1
                          M     endif
  00000000                M PREV_BANK = 0
                          M 
                          M     ifdef USE_LINKER
                          M       if (CODE_SIZE > 2)
                          M         pagesel CLEAR
                          M       endif
                          M     else
                          M       if ((CLEAR) < 1)
                          M         if (CODE_SIZE > 2)
                          M           if (((CLEAR) & 800h) == 0)
                          M         bcf     PCLATH, 3
                          M         else
                          M         bsf     PCLATH, 3
                          M         endif
                          M         endif
                          M         if (CODE_SIZE > 4)
                          M           if (((CLEAR) & 1000h) == 0)
                          M         bcf     PCLATH, 4
                          M           else
                          M         bsf     PCLATH, 4
                          M           endif
                          M         endif
                          M       else
                          M         if ((CLEAR) > $)
                          M           if (CODE_SIZE > 2)
                          M             if (((CLEAR) & 800h) == 0)
                          M         bcf     PCLATH, 3
                          M             else
                          M         bsf     PCLATH, 3
                          M             endif
                          M           endif
                          M           if (CODE_SIZE > 4)
                          M             if (((CLEAR) & 1000h) == 0)
                          M         bcf     PCLATH, 4
                          M             else
                          M         bsf     PCLATH, 4
                          M             endif
                          M           endif
                          M         else
                          M           if (CODE_SIZE > 2)
                          M             if (((CLEAR) & 1800h) == 0)
                          M         clrf    PCLATH
                          M             else
                          M               if (((CLEAR) & 800h) == 0)
MPASM  5.33                      KESIK_~1.ASM   3-4-2022  15:20:56         PAGE  9


LOC  OBJECT CODE     LINE SOURCE TEXT
  VALUE

                          M         bcf     PCLATH, 3
                          M               else
                          M         bsf     PCLATH, 3
                          M               endif
                          M               if (CODE_SIZE > 4)
                          M                 if (((CLEAR) & 1000h) == 0)
                          M         bcf     PCLATH, 4
                          M                 else
                          M         bsf     PCLATH, 4
                          M                 endif   
                          M               endif
                          M             endif
                          M           endif
                          M         endif
                          M       endif
                          M     endif
                          M 
001A   2002               M         call    CLEAR
                          M     endif
                          M     ifdef BANK2_START
001B   3020               M         movlw   low (BANK2_START)
001C   0084               M         movwf   FSR
001D   3030               M         movlw   BANK2_END - BANK2_START + 1
                          M         L?CALL  CLEARH
                          M         RST?RP
                          M     if ((PREV_BANK & 1) != 0)
                          M         bcf     STATUS, RP0
                          M     endif
                          M     if ((PREV_BANK & 2) != 0)
                          M         bcf     STATUS, RP1
                          M     endif
  00000000                M PREV_BANK = 0
                          M 
                          M     ifdef USE_LINKER
                          M       if (CODE_SIZE > 2)
                          M         pagesel CLEARH
                          M       endif
                          M     else
                          M       if ((CLEARH) < 1)
                          M         if (CODE_SIZE > 2)
                          M           if (((CLEARH) & 800h) == 0)
                          M         bcf     PCLATH, 3
                          M         else
                          M         bsf     PCLATH, 3
                          M         endif
                          M         endif
                          M         if (CODE_SIZE > 4)
                          M           if (((CLEARH) & 1000h) == 0)
                          M         bcf     PCLATH, 4
                          M           else
                          M         bsf     PCLATH, 4
                          M           endif
                          M         endif
MPASM  5.33                      KESIK_~1.ASM   3-4-2022  15:20:56         PAGE 10


LOC  OBJECT CODE     LINE SOURCE TEXT
  VALUE

                          M       else
                          M         if ((CLEARH) > $)
                          M           if (CODE_SIZE > 2)
                          M             if (((CLEARH) & 800h) == 0)
                          M         bcf     PCLATH, 3
                          M             else
                          M         bsf     PCLATH, 3
                          M             endif
                          M           endif
                          M           if (CODE_SIZE > 4)
                          M             if (((CLEARH) & 1000h) == 0)
                          M         bcf     PCLATH, 4
                          M             else
                          M         bsf     PCLATH, 4
                          M             endif
                          M           endif
                          M         else
                          M           if (CODE_SIZE > 2)
                          M             if (((CLEARH) & 1800h) == 0)
                          M         clrf    PCLATH
                          M             else
                          M               if (((CLEARH) & 800h) == 0)
                          M         bcf     PCLATH, 3
                          M               else
                          M         bsf     PCLATH, 3
                          M               endif
                          M               if (CODE_SIZE > 4)
                          M                 if (((CLEARH) & 1000h) == 0)
                          M         bcf     PCLATH, 4
                          M                 else
                          M         bsf     PCLATH, 4
                          M                 endif   
                          M               endif
                          M             endif
                          M           endif
                          M         endif
                          M       endif
                          M     endif
                          M 
001E   2001               M         call    CLEARH
                          M     endif
                          M     ifdef BANK3_START
                          M         movlw   low (BANK3_START)
                          M         movwf   FSR
                          M         movlw   BANK3_END - BANK3_START + 1
                          M         L?CALL  CLEARH
                          M     endif
                      00049 
                      00050         LABEL?L _X      
                          M         RST?RP
                          M     if ((PREV_BANK & 1) != 0)
                          M         bcf     STATUS, RP0
                          M     endif
MPASM  5.33                      KESIK_~1.ASM   3-4-2022  15:20:56         PAGE 11


LOC  OBJECT CODE     LINE SOURCE TEXT
  VALUE

                          M     if ((PREV_BANK & 2) != 0)
                          M         bcf     STATUS, RP1
                          M     endif
  00000000                M PREV_BANK = 0
                          M     ifdef PM_USED
                          M         LALL
                          M _X
                          M         XALL
                          M     else
001F                      M _X
                          M     endif
                      00051         LABEL?L L00001  
                          M         RST?RP
                          M     if ((PREV_BANK & 1) != 0)
                          M         bcf     STATUS, RP0
                          M     endif
                          M     if ((PREV_BANK & 2) != 0)
                          M         bcf     STATUS, RP1
                          M     endif
  00000000                M PREV_BANK = 0
                          M     ifdef PM_USED
                          M         LALL
                          M L00001
                          M         XALL
                          M     else
001F                      M L00001
                          M     endif
                      00052         CMPNE?TCL       _PORTA??0, 000h, L00002
                          M     if ((000h) == 0)
                          M         CLRWDT?
                          M     ifndef NO_CLRWDT
001F   0064               M         clrwdt
                          M     endif
                          M         BIT?GOTO 1, PORTA, 000h,  L00002
                          M     ifdef USE_LINKER
                          M         CLRWDT?
                          M     else
                          M       if ($ == (L00002))
                          M         CLRWDT?
                          M       endif
                          M     endif
                          M 
                          M     ifdef USE_LINKER
                          M       if (CODE_SIZE > 2)
                          M         pagesel L00002
                          M       endif
                          M     else
                          M       if (CODE_SIZE > 2)
                          M         if (((L00002) & 800h) == 0)
                          M         bcf     PCLATH, 3
                          M         else
                          M         bsf     PCLATH, 3
                          M         endif
MPASM  5.33                      KESIK_~1.ASM   3-4-2022  15:20:56         PAGE 12


LOC  OBJECT CODE     LINE SOURCE TEXT
  VALUE

                          M       endif
                          M       if (CODE_SIZE > 4)
                          M         if (((L00002) & 1000h) == 0)
                          M         bcf     PCLATH, 4
                          M         else
                          M         bsf     PCLATH, 4
                          M         endif
                          M       endif
                          M     endif
                          M 
                          M     if (((PORTA) & 0ff80h) != 0)
                          M         CHK?RP  PORTA
                          M         bcf     STATUS, DC
                          M       if ((1)      == 0)
                          M         btfss   PORTA, 000h
                          M       else
                          M         btfsc   PORTA, 000h
                          M       endif
                          M         bsf     STATUS, DC
                          M         RST?RP
                          M         btfsc   STATUS, DC
                          M     else
                          M         RST?RP
                          M     if ((PREV_BANK & 1) != 0)
                          M         bcf     STATUS, RP0
                          M     endif
                          M     if ((PREV_BANK & 2) != 0)
                          M         bcf     STATUS, RP1
                          M     endif
  00000000                M PREV_BANK = 0
                          M       if ((1)      == 0)
                          M         btfss   PORTA, 000h
                          M       else
0020   1805               M         btfsc   PORTA, 000h
                          M       endif
                          M     endif
                          M 
0021   2824               M         goto    L00002
                          M     else
                          M       if ((000h) == 1)
                          M         CLRWDT?
                          M         BIT?GOTO 0, PORTA, 000h,  L00002
                          M       else
                          M         L?GOTO  L00002
                          M       endif
                          M     endif
                      00053         MOVE?CT 001h, _PORTB??0
                          M         CHK?RP  PORTB
                          M     if (((PORTB) & 180h) == 0)
                          M       if (PREV_BANK == 1)
                          M         bcf     STATUS, RP0
                          M       endif
                          M       if (PREV_BANK == 2)
MPASM  5.33                      KESIK_~1.ASM   3-4-2022  15:20:56         PAGE 13


LOC  OBJECT CODE     LINE SOURCE TEXT
  VALUE

                          M         bcf     STATUS, RP1
                          M       endif
                          M       if (PREV_BANK == 3)
                          M         bcf     STATUS, RP0
                          M         bcf     STATUS, RP1
                          M       endif
  00000000                M PREV_BANK = 0
                          M     endif
                          M 
                          M     if (((PORTB) & 180h) == 80h)
                          M       if (PREV_BANK == 0)
                          M         bsf     STATUS, RP0
                          M       endif
                          M       if (PREV_BANK == 2)
                          M         bsf     STATUS, RP0
                          M         bcf     STATUS, RP1
                          M       endif
                          M       if (PREV_BANK == 3)
                          M         bcf     STATUS, RP1
                          M       endif
                          M PREV_BANK = 1
                          M     endif
                          M 
                          M     if (((PORTB) & 180h) == 100h)
                          M       if (PREV_BANK == 0)
                          M         bsf     STATUS, RP1
                          M       endif
                          M       if (PREV_BANK == 1)
                          M         bcf     STATUS, RP0
                          M         bsf     STATUS, RP1
                          M       endif
                          M       if (PREV_BANK == 3)
                          M         bcf     STATUS, RP0
                          M       endif
                          M PREV_BANK = 2
                          M     endif
                          M 
                          M     if (((PORTB) & 180h) == 180h)
                          M       if (PREV_BANK == 0)
                          M         bsf     STATUS, RP0
                          M         bsf     STATUS, RP1
                          M       endif
                          M       if (PREV_BANK == 1)
                          M         bsf     STATUS, RP1
                          M       endif
                          M       if (PREV_BANK == 2)
                          M         bsf     STATUS, RP0
                          M       endif
                          M PREV_BANK = 3
                          M     endif
                          M     if (((001h) & 1) == 1)
0022   1406               M         bsf     PORTB,  000h
                          M     else
MPASM  5.33                      KESIK_~1.ASM   3-4-2022  15:20:56         PAGE 14


LOC  OBJECT CODE     LINE SOURCE TEXT
  VALUE

                          M         bcf     PORTB,  000h
                          M     endif
                      00054         GOTO?L  L00001
                          M         L?GOTO  L00001
                          M     ifdef USE_LINKER
                          M         CLRWDT?
                          M     else
                          M       if ($ == (L00001))
                          M         CLRWDT?
                          M       endif
                          M     endif
                          M 
                          M         RST?RP
                          M     if ((PREV_BANK & 1) != 0)
                          M         bcf     STATUS, RP0
                          M     endif
                          M     if ((PREV_BANK & 2) != 0)
                          M         bcf     STATUS, RP1
                          M     endif
  00000000                M PREV_BANK = 0
                          M 
                          M     ifdef USE_LINKER
                          M       if (CODE_SIZE > 2)
                          M         pagesel L00001
                          M       endif
                          M     else
                          M       if ((L00001) < 1)
                          M         if (CODE_SIZE > 2)
                          M           if (((L00001) & 800h) == 0)
                          M         bcf     PCLATH, 3
                          M           else
                          M         bsf     PCLATH, 3
                          M           endif
                          M         endif
                          M         if (CODE_SIZE > 4)
                          M           if (((L00001) & 1000h) == 0)
                          M         bcf     PCLATH, 4
                          M           else
                          M         bsf     PCLATH, 4
                          M           endif
                          M         endif
                          M       else
                          M         if ((L00001) > $)
                          M           if (CODE_SIZE > 2)
                          M             if (((L00001) & 800h) == 0)
                          M         bcf     PCLATH, 3
                          M             else
                          M         bsf     PCLATH, 3
                          M             endif
                          M           endif
                          M           if (CODE_SIZE > 4)
                          M             if (((L00001) & 1000h) == 0)
                          M         bcf     PCLATH, 4
MPASM  5.33                      KESIK_~1.ASM   3-4-2022  15:20:56         PAGE 15


LOC  OBJECT CODE     LINE SOURCE TEXT
  VALUE

                          M             else
                          M         bsf     PCLATH, 4
                          M             endif
                          M           endif
                          M         else
                          M           if (CODE_SIZE > 2)
                          M             if (((L00001) & 1800h) == 0)
                          M         clrf    PCLATH
                          M             else
                          M               if (((L00001) & 800h) == 0)
                          M         bcf     PCLATH, 3
                          M               else
                          M         bsf     PCLATH, 3
                          M               endif
                          M               if (CODE_SIZE > 4)
                          M                 if (((L00001) & 1000h) == 0)
                          M         bcf     PCLATH, 4
                          M                 else
                          M         bsf     PCLATH, 4
                          M                 endif
                          M               endif
                          M             endif
                          M           endif
                          M         endif
                          M       endif
                          M     endif
                          M 
0023   281F               M         goto    L00001
                      00055         LABEL?L L00002  
                          M         RST?RP
                          M     if ((PREV_BANK & 1) != 0)
                          M         bcf     STATUS, RP0
                          M     endif
                          M     if ((PREV_BANK & 2) != 0)
                          M         bcf     STATUS, RP1
                          M     endif
  00000000                M PREV_BANK = 0
                          M     ifdef PM_USED
                          M         LALL
                          M L00002
                          M         XALL
                          M     else
0024                      M L00002
                          M     endif
                      00056         MOVE?CT 000h, _PORTB??0
                          M         CHK?RP  PORTB
                          M     if (((PORTB) & 180h) == 0)
                          M       if (PREV_BANK == 1)
                          M         bcf     STATUS, RP0
                          M       endif
                          M       if (PREV_BANK == 2)
                          M         bcf     STATUS, RP1
                          M       endif
MPASM  5.33                      KESIK_~1.ASM   3-4-2022  15:20:56         PAGE 16


LOC  OBJECT CODE     LINE SOURCE TEXT
  VALUE

                          M       if (PREV_BANK == 3)
                          M         bcf     STATUS, RP0
                          M         bcf     STATUS, RP1
                          M       endif
  00000000                M PREV_BANK = 0
                          M     endif
                          M 
                          M     if (((PORTB) & 180h) == 80h)
                          M       if (PREV_BANK == 0)
                          M         bsf     STATUS, RP0
                          M       endif
                          M       if (PREV_BANK == 2)
                          M         bsf     STATUS, RP0
                          M         bcf     STATUS, RP1
                          M       endif
                          M       if (PREV_BANK == 3)
                          M         bcf     STATUS, RP1
                          M       endif
                          M PREV_BANK = 1
                          M     endif
                          M 
                          M     if (((PORTB) & 180h) == 100h)
                          M       if (PREV_BANK == 0)
                          M         bsf     STATUS, RP1
                          M       endif
                          M       if (PREV_BANK == 1)
                          M         bcf     STATUS, RP0
                          M         bsf     STATUS, RP1
                          M       endif
                          M       if (PREV_BANK == 3)
                          M         bcf     STATUS, RP0
                          M       endif
                          M PREV_BANK = 2
                          M     endif
                          M 
                          M     if (((PORTB) & 180h) == 180h)
                          M       if (PREV_BANK == 0)
                          M         bsf     STATUS, RP0
                          M         bsf     STATUS, RP1
                          M       endif
                          M       if (PREV_BANK == 1)
                          M         bsf     STATUS, RP1
                          M       endif
                          M       if (PREV_BANK == 2)
                          M         bsf     STATUS, RP0
                          M       endif
                          M PREV_BANK = 3
                          M     endif
                          M     if (((000h) & 1) == 1)
                          M         bsf     PORTB,  000h
                          M     else
0024   1006               M         bcf     PORTB,  000h
                          M     endif
MPASM  5.33                      KESIK_~1.ASM   3-4-2022  15:20:56         PAGE 17


LOC  OBJECT CODE     LINE SOURCE TEXT
  VALUE

                      00057         GOTO?L  _X
                          M         L?GOTO  _X
                          M     ifdef USE_LINKER
                          M         CLRWDT?
                          M     else
                          M       if ($ == (_X))
                          M         CLRWDT?
                          M       endif
                          M     endif
                          M 
                          M         RST?RP
                          M     if ((PREV_BANK & 1) != 0)
                          M         bcf     STATUS, RP0
                          M     endif
                          M     if ((PREV_BANK & 2) != 0)
                          M         bcf     STATUS, RP1
                          M     endif
  00000000                M PREV_BANK = 0
                          M 
                          M     ifdef USE_LINKER
                          M       if (CODE_SIZE > 2)
                          M         pagesel _X
                          M       endif
                          M     else
                          M       if ((_X)    < 1)
                          M         if (CODE_SIZE > 2)
                          M           if (((_X)    & 800h) == 0)
                          M         bcf     PCLATH, 3
                          M           else
                          M         bsf     PCLATH, 3
                          M           endif
                          M         endif
                          M         if (CODE_SIZE > 4)
                          M           if (((_X)    & 1000h) == 0)
                          M         bcf     PCLATH, 4
                          M           else
                          M         bsf     PCLATH, 4
                          M           endif
                          M         endif
                          M       else
                          M         if ((_X)    > $)
                          M           if (CODE_SIZE > 2)
                          M             if (((_X)    & 800h) == 0)
                          M         bcf     PCLATH, 3
                          M             else
                          M         bsf     PCLATH, 3
                          M             endif
                          M           endif
                          M           if (CODE_SIZE > 4)
                          M             if (((_X)    & 1000h) == 0)
                          M         bcf     PCLATH, 4
                          M             else
                          M         bsf     PCLATH, 4
MPASM  5.33                      KESIK_~1.ASM   3-4-2022  15:20:56         PAGE 18


LOC  OBJECT CODE     LINE SOURCE TEXT
  VALUE

                          M             endif
                          M           endif
                          M         else
                          M           if (CODE_SIZE > 2)
                          M             if (((_X)    & 1800h) == 0)
                          M         clrf    PCLATH
                          M             else
                          M               if (((_X)    & 800h) == 0)
                          M         bcf     PCLATH, 3
                          M               else
                          M         bsf     PCLATH, 3
                          M               endif
                          M               if (CODE_SIZE > 4)
                          M                 if (((_X)    & 1000h) == 0)
                          M         bcf     PCLATH, 4
                          M                 else
                          M         bsf     PCLATH, 4
                          M                 endif
                          M               endif
                          M             endif
                          M           endif
                          M         endif
                          M       endif
                          M     endif
                          M 
0025   281F               M         goto    _X
                      00058         END?    
  0000                    M     local loop
0026   0063               M loop    sleep
                          M         L?GOTO  loop
                          M     ifdef USE_LINKER
                          M         CLRWDT?
                          M     else
                          M       if ($ == (_35loop))
                          M         CLRWDT?
                          M       endif
                          M     endif
                          M 
                          M         RST?RP
                          M     if ((PREV_BANK & 1) != 0)
                          M         bcf     STATUS, RP0
                          M     endif
                          M     if ((PREV_BANK & 2) != 0)
                          M         bcf     STATUS, RP1
                          M     endif
  00000000                M PREV_BANK = 0
                          M 
                          M     ifdef USE_LINKER
                          M       if (CODE_SIZE > 2)
                          M         pagesel _35loop
                          M       endif
                          M     else
                          M       if ((_35loop) < 1)
MPASM  5.33                      KESIK_~1.ASM   3-4-2022  15:20:56         PAGE 19


LOC  OBJECT CODE     LINE SOURCE TEXT
  VALUE

                          M         if (CODE_SIZE > 2)
                          M           if (((_35loop) & 800h) == 0)
                          M         bcf     PCLATH, 3
                          M           else
                          M         bsf     PCLATH, 3
                          M           endif
                          M         endif
                          M         if (CODE_SIZE > 4)
                          M           if (((_35loop) & 1000h) == 0)
                          M         bcf     PCLATH, 4
                          M           else
                          M         bsf     PCLATH, 4
                          M           endif
                          M         endif
                          M       else
                          M         if ((_35loop) > $)
                          M           if (CODE_SIZE > 2)
                          M             if (((_35loop) & 800h) == 0)
                          M         bcf     PCLATH, 3
                          M             else
                          M         bsf     PCLATH, 3
                          M             endif
                          M           endif
                          M           if (CODE_SIZE > 4)
                          M             if (((_35loop) & 1000h) == 0)
                          M         bcf     PCLATH, 4
                          M             else
                          M         bsf     PCLATH, 4
                          M             endif
                          M           endif
                          M         else
                          M           if (CODE_SIZE > 2)
                          M             if (((_35loop) & 1800h) == 0)
                          M         clrf    PCLATH
                          M             else
                          M               if (((_35loop) & 800h) == 0)
                          M         bcf     PCLATH, 3
                          M               else
                          M         bsf     PCLATH, 3
                          M               endif
                          M               if (CODE_SIZE > 4)
                          M                 if (((_35loop) & 1000h) == 0)
                          M         bcf     PCLATH, 4
                          M                 else
                          M         bsf     PCLATH, 4
                          M                 endif
                          M               endif
                          M             endif
                          M           endif
                          M         endif
                          M       endif
                          M     endif
                          M 
MPASM  5.33                      KESIK_~1.ASM   3-4-2022  15:20:56         PAGE 20


LOC  OBJECT CODE     LINE SOURCE TEXT
  VALUE

0027   2826               M         goto    _35loop
                      00059 
                      00060         END
MPASM  5.33                      KESIK_~1.ASM   3-4-2022  15:20:56         PAGE 21


SYMBOL TABLE
  LABEL                             VALUE 

ADC_BITS                          00000008
ADC_CLOCK                         00000003
ADC_SAMPLEUS                      00000032
ADEN                              00000003
BANK0_END                         0000007F
BANK0_START                       00000020
BANK1_END                         000000EF
BANK1_START                       000000A0
BANK2_END                         0000014F
BANK2_START                       00000120
BIT?FLIP                          
BIT?FW                            
BIT?GOTO                          
BIT?R1                            
BIT?R2                            
BIT?W                             
BRGH                              00000002
BUTTON_PAUSE                      0000000A
C                                 00000000
C1INV                             00000004
C1OUT                             00000006
C2INV                             00000005
C2OUT                             00000007
CCP1CON                           00000017
CCP1IE                            00000002
CCP1IF                            00000002
CCP1M0                            00000000
CCP1M1                            00000001
CCP1M2                            00000002
CCP1M3                            00000003
CCP1X                             00000005
CCP1Y                             00000004
CCP1_BIT                          00000003
CCP1_REG                          00000006
CCPR1H                            00000016
CCPR1L                            00000015
CHK?RP                            
CIS                               00000003
CLEAR                             00000002
CLEAR?                            
CLEARH                            00000001
CLEAR_USED                        00000001
CLRWDT?                           
CLRWDT?NOP                        
CM0                               00000000
CM1                               00000001
CM2                               00000002
CMCON                             0000001F
CMIE                              00000006
CMIF                              00000006
CMPNE?TCL                         
CODE_SIZE                         00000002
CREN                              00000004
MPASM  5.33                      KESIK_~1.ASM   3-4-2022  15:20:56         PAGE 22


SYMBOL TABLE
  LABEL                             VALUE 

CSRC                              00000007
DC                                00000001
DEBUGIN_BIT                       00000000
DEBUGIN_MODE                      00000001
DEBUGIN_REG                       00000006
DEBUG_BAUD                        00000960
DEBUG_BIT                         00000000
DEBUG_DELAY                       00000193
DEBUG_MODE                        00000001
DEBUG_REG                         00000006
DONE                              00000008
DONERET                           0000000C
DONE_USED                         00000001
EEADR                             0000009B
EECON1                            0000009C
EECON2                            0000009D
EEDATA                            0000009A
EEIE                              00000007
EEIF                              00000007
EEPROM_END                        0000217F
EEPROM_START                      00002100
END?                              
F                                 00000001
FERR                              00000002
FLAGS                             00000032
FSR                               00000004
GIE                               00000007
GOP                               00000033
GOTO?L                            
HSER_BAUD                         00000960
HSER_BITS                         00000008
HSER_RCSTA                        00000090
HSER_SPBRG                        00000019
HSER_TXSTA                        00000020
I2CFIRSTFLAG                      FLAGS, 2
I2CREADFLAG                       FLAGS, 3
I2CSTOPFLAG                       FLAGS, 5
I2CSTOPSTRFLAG                    FLAGS, 6
I2CWRITEFLAG                      FLAGS, 4
INDF                              00000000
INIT                              0000000D
INTCON                            0000000B
INTE                              00000004
INTEDG                            00000006
INTF                              00000001
IRP                               00000007
L00001                            0000001F
L00002                            00000024
L?CALL                            
L?GOTO                            
LABEL?L                           
LCDCDFLAG                         FLAGS, 0
LCDINITFLAG                       FLAGS, 1
MPASM  5.33                      KESIK_~1.ASM   3-4-2022  15:20:56         PAGE 23


SYMBOL TABLE
  LABEL                             VALUE 

LCD_BITS                          00000004
LCD_COMMANDUS                     000007D0
LCD_DATAUS                        00000032
LCD_DBIT                          00000000
LCD_DREG                          00000005
LCD_EBIT                          00000003
LCD_EREG                          00000006
LCD_LINES                         00000002
LCD_RSBIT                         00000004
LCD_RSREG                         00000005
LCD_RWBIT                         00000004
LCD_RWREG                         00000005
MOVE?AB                           
MOVE?AT                           
MOVE?AW                           
MOVE?AWW                          
MOVE?BA                           
MOVE?BB                           
MOVE?BT                           
MOVE?BW                           
MOVE?CA                           
MOVE?CB                           
MOVE?CT                           
MOVE?CW                           
MOVE?TA                           
MOVE?TB                           
MOVE?TT                           
MOVE?TW                           
MOVE?WA                           
MOVE?WB                           
MOVE?WT                           
MOVE?WW                           
MOVE?WWA                          
NOT_BO                            00000000
NOT_BOD                           00000000
NOT_BOR                           00000000
NOT_PD                            00000003
NOT_POR                           00000001
NOT_RBPU                          00000007
NOT_T1SYNC                        00000002
NOT_TO                            00000004
OERR                              00000001
OPTION_REG                        00000081
OSC                               00000004
OSCF                              00000003
OSC_VALID                         00000001
PCL                               00000002
PCLATH                            0000000A
PCON                              0000008E
PEIE                              00000006
PIE1                              0000008C
PIR1                              0000000C
PORTA                             00000005
MPASM  5.33                      KESIK_~1.ASM   3-4-2022  15:20:56         PAGE 24


SYMBOL TABLE
  LABEL                             VALUE 

PORTB                             00000006
PR2                               00000092
PREV_BANK                         00000000
PS0                               00000000
PS1                               00000001
PS2                               00000002
PSA                               00000003
R0                                00000020
R1                                00000022
R2                                00000024
R3                                00000026
R4                                00000028
R5                                0000002A
R6                                0000002C
R7                                0000002E
R8                                00000030
RAM_BANKS                         00000003
RAM_END                           0000014F
RAM_START                         00000020
RBIE                              00000003
RBIF                              00000000
RCIE                              00000005
RCIF                              00000005
RCREG                             0000001A
RCSTA                             00000018
RD                                00000000
RESET_ORG                         00000000
RM1                               00000034
RM2                               00000035
RP0                               00000005
RP1                               00000006
RR1                               00000036
RR2                               00000037
RST?RP                            
RX9                               00000006
RX9D                              00000000
SPBRG                             00000099
SPEN                              00000007
SREN                              00000005
STATUS                            00000003
SYNC                              00000004
T0CS                              00000005
T0IE                              00000005
T0IF                              00000002
T0SE                              00000004
T1CKPS0                           00000004
T1CKPS1                           00000005
T1CON                             00000010
T1OSCEN                           00000003
T2CKPS0                           00000000
T2CKPS1                           00000001
T2CON                             00000012
TMR0                              00000001
MPASM  5.33                      KESIK_~1.ASM   3-4-2022  15:20:56         PAGE 25


SYMBOL TABLE
  LABEL                             VALUE 

TMR1CS                            00000001
TMR1H                             0000000F
TMR1IE                            00000000
TMR1IF                            00000000
TMR1L                             0000000E
TMR1ON                            00000000
TMR2                              00000011
TMR2IE                            00000001
TMR2IF                            00000001
TMR2ON                            00000002
TOUTPS0                           00000003
TOUTPS1                           00000004
TOUTPS2                           00000005
TOUTPS3                           00000006
TRISA                             00000085
TRISB                             00000086
TRMT                              00000001
TX9                               00000006
TX9D                              00000000
TXEN                              00000005
TXIE                              00000004
TXIF                              00000004
TXREG                             00000019
TXSTA                             00000098
VR0                               00000000
VR1                               00000001
VR2                               00000002
VR3                               00000003
VRCON                             0000009F
VREN                              00000007
VROE                              00000006
VRR                               00000005
W                                 00000000
WR                                00000001
WREN                              00000002
WRERR                             00000003
Z                                 00000002
_BODEN_OFF                        00003FBF
_BODEN_ON                         00003FFF
_CP_50                            00002BFF
_CP_75                            000017FF
_CP_ALL                           000003FF
_CP_OFF                           00003FFF
_DATA_CP_OFF                      00003FFF
_DATA_CP_ON                       00003EFF
_ER_OSC_CLKOUT                    00003FFF
_ER_OSC_NOCLKOUT                  00003FFE
_EXTCLK_OSC                       00003FEF
_HS_OSC                           00003FEE
_INTRC_OSC_CLKOUT                 00003FFD
_INTRC_OSC_NOCLKOUT               00003FFC
_LP_OSC                           00003FEC
_LVP_OFF                          00003F7F
MPASM  5.33                      KESIK_~1.ASM   3-4-2022  15:20:56         PAGE 26


SYMBOL TABLE
  LABEL                             VALUE 

_LVP_ON                           00003FFF
_MCLRE_OFF                        00003FDF
_MCLRE_ON                         00003FFF
_PORTA??0                         PORTA, 000h
_PORTB??0                         PORTB, 000h
_PORTH                            00000005
_PORTL                            00000006
_PWRTE_OFF                        00003FFF
_PWRTE_ON                         00003FF7
_TRISA??0                         TRISA, 000h
_TRISB??0                         TRISB, 000h
_TRISH                            00000085
_TRISL                            00000086
_USED                             00000001
_WDT_OFF                          00003FFB
_WDT_ON                           00003FFF
_X                                0000001F
_XT_OSC                           00003FED
__16F628                          00000001
main                              0000000D


MEMORY USAGE MAP ('X' = Used,  '-' = Unused)

0000 : XXXXXXXXXXXXXXXX XXXXXXXXXXXXXXXX XXXXXXXX-------- ----------------
2000 : -------X-------- ---------------- ---------------- ----------------

All other memory blocks unused.

Program Memory Words Used:    40
Program Memory Words Free:  2008


Errors   :     0
Warnings :     0 reported,     0 suppressed
Messages :     0 reported,     2 suppressed

